[debug] [2025-12-24T22:01:00.129Z] ----------------------------------------------------------------------
[debug] [2025-12-24T22:01:00.133Z] Command:       /nix/store/ixbb20farqh1f4fqbmsn6b1ixn8mc8ij-nodejs-20.18.1/bin/node /home/user/.global_modules/bin/firebase init
[debug] [2025-12-24T22:01:00.133Z] CLI Version:   15.1.0
[debug] [2025-12-24T22:01:00.133Z] Platform:      linux
[debug] [2025-12-24T22:01:00.134Z] Node Version:  v20.18.1
[debug] [2025-12-24T22:01:00.134Z] Time:          Wed Dec 24 2025 22:01:00 GMT+0000 (Coordinated Universal Time)
[debug] [2025-12-24T22:01:00.134Z] ----------------------------------------------------------------------
[debug] 
[debug] [2025-12-24T22:01:01.725Z] Checked if tokens are valid: true, expires at: 1766614768865
[debug] [2025-12-24T22:01:01.725Z] Checked if tokens are valid: true, expires at: 1766614768865
[debug] [2025-12-24T22:01:01.730Z] >>> [apiv2][query] GET https://monospace-pa.googleapis.com/v1/workspaces/vavyapi-90520534 [none]
[debug] [2025-12-24T22:01:03.204Z] <<< [apiv2][status] GET https://monospace-pa.googleapis.com/v1/workspaces/vavyapi-90520534 200
[debug] [2025-12-24T22:01:03.205Z] <<< [apiv2][body] GET https://monospace-pa.googleapis.com/v1/workspaces/vavyapi-90520534 {"workspaceId":"vavyapi-90520534","name":"vavyapi","workspaceRedirectUrl":"firebase-vavyapi-1766603003034.cluster-jbb3mjctu5cbgsi6hwq6u4btwe.cloudworkstations.dev","status":"WORKSPACE_STATUS_RUNNING","lastAccessDatetime":"2025-12-24T21:59:44.209015Z","workspaceTemplate":"WORKSPACE_TEMPLATE_BLANK_WEB","owner":"SELF","serviceAccountEmail":"msp-7072306377618137408@monospace-per-ws-sa-6.iam.gserviceaccount.com","enableNix":true,"ownerEmail":"Wolfkohneli@gmail.com","workspaceImageUrl":"https://www.gstatic.com/monospace/231115/logo_nextjs.svg","templateArgs":"{\"language\":\"ts\",\"srcDir\":true,\"eslint\":true,\"app\":true,\"tailwind\":true,\"__agentic_workspace\":true}","templateRepoUrl":"file:///usr/local/monospace/templates/public/nextjs","workstationAccessToken":"eyJhbGciOiJSUzI1NiIsInR5cCI6IkpXVCJ9.eyJpc3MiOiJodHRwczovL2Nsb3VkLmdvb2dsZS5jb20vd29ya3N0YXRpb25zIiwiYXVkIjoiZmlyZWJhc2UtdmF2eWFwaS0xNzY2NjAzMDAzMDM0LmNsdXN0ZXItamJiM21qY3R1NWNiZ3NpNmh3cTZ1NGJ0d2UuY2xvdWR3b3Jrc3RhdGlvbnMuZGV2IiwiaWF0IjoxNzY2NjEzNjYzLCJleHAiOjE3NjY3MDAwNjJ9.bFlc2wI7lUmIgpsbC8Fa1QTa-a8mgI2K0yozgKUnNQ3gNGOyU-3GZwXFSLMpF1O15KxLDLyZqp28NzDwBxh4SBG2W_nXpZCd8bMNfEsUQQjDLcYAEqzxyUA5Zku_ZehK_c9In7Gwby2hIC4pt1Z4mAsUaJxg1xMP5TQfGsLwbRfvXt0bW4pAKCBn-_H3eVRNzqAeBV8sGH1WmzRQIMTkUu3k4lZTi3cyzjY7KIYiLrAjrBFCycv3QSQnoU7ZC8DFQB6qNbtN5lX3VnELncWPpQ8BChMen4yrZ-TagFpz16UEe5ciV0dIBpBPBDxAn4TsIdreY7j3wvavxTST3GxZJg","firebaseProjectId":"vavyapi"}
[debug] [2025-12-24T22:02:24.204Z] ExitPromptError: User force closed the prompt with SIGINT
    at Interface.sigint (/home/user/.global_modules/lib/node_modules/firebase-tools/node_modules/@inquirer/core/dist/commonjs/lib/create-prompt.js:101:37)
    at Interface.emit (node:events:518:28)
    at [_ttyWrite] [as _ttyWrite] (node:internal/readline/interface:1125:18)
    at ReadStream.onkeypress (node:internal/readline/interface:264:20)
    at ReadStream.emit (node:events:530:35)
    at emitKeys (node:internal/readline/utils:371:14)
    at emitKeys.next (<anonymous>)
    at ReadStream.onData (node:internal/readline/emitKeypressEvents:64:36)
    at ReadStream.emit (node:events:518:28)
    at addChunk (node:internal/streams/readable:561:12)
[error] 
[error] Error: An unexpected error has occurred.
